# JRE version: OpenJDK Runtime Environment (17.0.11) (build 17.0.11+0--11852314)
# Java VM: OpenJDK 64-Bit Server VM (17.0.11+0--11852314, mixed mode, tiered, compressed oops, compressed class ptrs, g1 gc, windows-amd64)
GC Precious Log:
 CPUs: 4 total, 4 available
 Memory: 16167M
 Large Page Support: Disabled
 NUMA Support: Disabled
 Compressed Oops: Enabled (32-bit)
 Heap Region Size: 1M
 Heap Min Capacity: 8M
 Heap Initial Capacity: 254M
 Heap Max Capacity: 2G
 Pre-touch: Disabled
 Parallel Workers: 4
 Concurrent Workers: 1
 Concurrent Refinement Workers: 4
 Periodic GC: Disabled
Heap:
 garbage-first heap   total 260096K, used 110872K [0x0000000080000000, 0x0000000100000000)
  region size 1024K, 4 young (4096K), 4 survivors (4096K)
 Metaspace       used 106139K, committed 106944K, reserved 1179648K
  class space    used 14514K, committed 14912K, reserved 1048576K
GC Heap History (20 events):
Event: 17.345 GC heap after
{Heap after GC invocations=39 (full 0):
 garbage-first heap   total 186368K, used 87279K [0x0000000080000000, 0x0000000100000000)
  region size 1024K, 6 young (6144K), 6 survivors (6144K)
 Metaspace       used 86143K, committed 86784K, reserved 1179648K
  class space    used 11644K, committed 11968K, reserved 1048576K
}
Event: 17.417 GC heap before
{Heap before GC invocations=39 (full 0):
 garbage-first heap   total 186368K, used 89327K [0x0000000080000000, 0x0000000100000000)
  region size 1024K, 9 young (9216K), 6 survivors (6144K)
 Metaspace       used 86352K, committed 86976K, reserved 1179648K
  class space    used 11695K, committed 11968K, reserved 1048576K
}
Event: 17.424 GC heap after
{Heap after GC invocations=40 (full 0):
 garbage-first heap   total 186368K, used 87075K [0x0000000080000000, 0x0000000100000000)
  region size 1024K, 1 young (1024K), 1 survivors (1024K)
 Metaspace       used 86352K, committed 86976K, reserved 1179648K
  class space    used 11695K, committed 11968K, reserved 1048576K
}
Event: 19.487 GC heap before
{Heap before GC invocations=40 (full 0):
 garbage-first heap   total 186368K, used 148515K [0x0000000080000000, 0x0000000100000000)
  region size 1024K, 61 young (62464K), 1 survivors (1024K)
 Metaspace       used 90721K, committed 91392K, reserved 1179648K
  class space    used 12468K, committed 12800K, reserved 1048576K
}
Event: 19.493 GC heap after
{Heap after GC invocations=41 (full 0):
 garbage-first heap   total 186368K, used 88652K [0x0000000080000000, 0x0000000100000000)
  region size 1024K, 3 young (3072K), 3 survivors (3072K)
 Metaspace       used 90721K, committed 91392K, reserved 1179648K
  class space    used 12468K, committed 12800K, reserved 1048576K
}
Event: 20.498 GC heap before
{Heap before GC invocations=41 (full 0):
 garbage-first heap   total 186368K, used 151116K [0x0000000080000000, 0x0000000100000000)
  region size 1024K, 64 young (65536K), 3 survivors (3072K)
 Metaspace       used 95231K, committed 95936K, reserved 1179648K
  class space    used 13133K, committed 13440K, reserved 1048576K
}
Event: 20.504 GC heap after
{Heap after GC invocations=42 (full 0):
 garbage-first heap   total 186368K, used 91824K [0x0000000080000000, 0x0000000100000000)
  region size 1024K, 6 young (6144K), 6 survivors (6144K)
 Metaspace       used 95231K, committed 95936K, reserved 1179648K
  class space    used 13133K, committed 13440K, reserved 1048576K
}
Event: 22.215 GC heap before
{Heap before GC invocations=42 (full 0):
 garbage-first heap   total 186368K, used 152240K [0x0000000080000000, 0x0000000100000000)
  region size 1024K, 65 young (66560K), 6 survivors (6144K)
 Metaspace       used 100287K, committed 100992K, reserved 1179648K
  class space    used 13828K, committed 14144K, reserved 1048576K
}
Event: 22.222 GC heap after
{Heap after GC invocations=43 (full 0):
 garbage-first heap   total 186368K, used 95606K [0x0000000080000000, 0x0000000100000000)
  region size 1024K, 7 young (7168K), 7 survivors (7168K)
 Metaspace       used 100287K, committed 100992K, reserved 1179648K
  class space    used 13828K, committed 14144K, reserved 1048576K
}
Event: 22.688 GC heap before
{Heap before GC invocations=43 (full 0):
 garbage-first heap   total 186368K, used 131446K [0x0000000080000000, 0x0000000100000000)
  region size 1024K, 40 young (40960K), 7 survivors (7168K)
 Metaspace       used 102323K, committed 103040K, reserved 1179648K
  class space    used 14055K, committed 14400K, reserved 1048576K
}
Event: 22.701 GC heap after
{Heap after GC invocations=44 (full 0):
 garbage-first heap   total 186368K, used 103987K [0x0000000080000000, 0x0000000100000000)
  region size 1024K, 8 young (8192K), 8 survivors (8192K)
 Metaspace       used 102323K, committed 103040K, reserved 1179648K
  class space    used 14055K, committed 14400K, reserved 1048576K
}
Event: 23.507 GC heap before
{Heap before GC invocations=45 (full 0):
 garbage-first heap   total 186368K, used 153139K [0x0000000080000000, 0x0000000100000000)
  region size 1024K, 56 young (57344K), 8 survivors (8192K)
 Metaspace       used 104945K, committed 105728K, reserved 1179648K
  class space    used 14364K, committed 14784K, reserved 1048576K
}
Event: 23.527 GC heap after
{Heap after GC invocations=46 (full 0):
 garbage-first heap   total 186368K, used 104808K [0x0000000080000000, 0x0000000100000000)
  region size 1024K, 6 young (6144K), 6 survivors (6144K)
 Metaspace       used 104945K, committed 105728K, reserved 1179648K
  class space    used 14364K, committed 14784K, reserved 1048576K
}
Event: 23.552 GC heap before
{Heap before GC invocations=46 (full 0):
 garbage-first heap   total 186368K, used 107880K [0x0000000080000000, 0x0000000100000000)
  region size 1024K, 9 young (9216K), 6 survivors (6144K)
 Metaspace       used 104947K, committed 105728K, reserved 1179648K
  class space    used 14364K, committed 14784K, reserved 1048576K
}
Event: 23.560 GC heap after
{Heap after GC invocations=47 (full 0):
 garbage-first heap   total 186368K, used 104604K [0x0000000080000000, 0x0000000100000000)
  region size 1024K, 2 young (2048K), 2 survivors (2048K)
 Metaspace       used 104947K, committed 105728K, reserved 1179648K
  class space    used 14364K, committed 14784K, reserved 1048576K
}
Event: 24.386 GC heap before
{Heap before GC invocations=47 (full 0):
 garbage-first heap   total 186368K, used 150684K [0x0000000080000000, 0x0000000100000000)
  region size 1024K, 48 young (49152K), 2 survivors (2048K)
 Metaspace       used 105768K, committed 106560K, reserved 1179648K
  class space    used 14478K, committed 14912K, reserved 1048576K
}
Event: 24.394 GC heap after
{Heap after GC invocations=48 (full 0):
 garbage-first heap   total 186368K, used 107219K [0x0000000080000000, 0x0000000100000000)
  region size 1024K, 5 young (5120K), 5 survivors (5120K)
 Metaspace       used 105768K, committed 106560K, reserved 1179648K
  class space    used 14478K, committed 14912K, reserved 1048576K
}
Event: 25.894 GC heap before
{Heap before GC invocations=48 (full 0):
 garbage-first heap   total 186368K, used 151251K [0x0000000080000000, 0x0000000100000000)
  region size 1024K, 49 young (50176K), 5 survivors (5120K)
 Metaspace       used 106047K, committed 106880K, reserved 1179648K
  class space    used 14510K, committed 14912K, reserved 1048576K
}
Event: 25.915 GC heap after
{Heap after GC invocations=49 (full 0):
 garbage-first heap   total 186368K, used 109275K [0x0000000080000000, 0x0000000100000000)
  region size 1024K, 4 young (4096K), 4 survivors (4096K)
 Metaspace       used 106047K, committed 106880K, reserved 1179648K
  class space    used 14510K, committed 14912K, reserved 1048576K
}
Event: 26.560 GC heap before
{Heap before GC invocations=49 (full 0):
 garbage-first heap   total 186368K, used 152283K [0x0000000080000000, 0x0000000100000000)
  region size 1024K, 47 young (48128K), 4 survivors (4096K)
 Metaspace       used 106139K, committed 106944K, reserved 1179648K
  class space    used 14514K, committed 14912K, reserved 1048576K
}

